<?xml version="1.0" encoding="UTF-8"?>
<robot generator="Robot 4.0.1 (Python 3.9.4 on win32)" generated="20210428 22:11:53.387" rpa="false" schemaversion="2">
<suite id="s1" name="Robot" source="D:\Software\Robot\Robot">
<suite id="s1-s1" name="Amazon" source="D:\Software\Robot\Robot\Amazon.robot">
<test id="s1-s1-t1" name="Launch Browser">
<kw name="New Browser" library="Browser">
<arg>headless=false</arg>
<tag>BrowserControl</tag>
<tag>Setter</tag>
<doc>Create a new playwright Browser with specified options.
See `Browser, Context and Page` for more information about Browser and related concepts.</doc>
<msg timestamp="20210428 22:11:54.117" level="INFO">{"browser": "chromium", "headless": false, "handleSIGINT": true, "handleSIGTERM": true, "handleSIGHUP": true, "timeout": 30000.0, "devtools": false, "slowMo": 0.0}</msg>
<msg timestamp="20210428 22:11:54.299" level="INFO">Successfully created browser with options: {"browser":"chromium","headless":false,"handleSIGINT":true,"handleSIGTERM":true,"handleSIGHUP":true,"timeout":30000,"devtools":false,"slowMo":0}</msg>
<status status="PASS" starttime="20210428 22:11:54.117" endtime="20210428 22:11:54.299"/>
</kw>
<kw name="New Page" library="Browser">
<arg>https://cyberatlantis.com/anonymous_email.php</arg>
<tag>BrowserControl</tag>
<tag>Setter</tag>
<doc>Open a new Page. A Page is the Playwright equivalent to a tab.
See `Browser, Context and Page` for more information about Page concept.
Returns a stable identifier for the created page.</doc>
<msg timestamp="20210428 22:11:56.411" level="INFO">Successfully initialized new page object and opened url: https://cyberatlantis.com/anonymous_email.php</msg>
<status status="PASS" starttime="20210428 22:11:54.310" endtime="20210428 22:11:56.411"/>
</kw>
<kw name="Fill Text" library="Browser">
<arg>.anonmail &gt; input:nth-child(2)</arg>
<arg>jcsviper@gmail.com</arg>
<tag>PageContent</tag>
<tag>Setter</tag>
<doc>Clears and fills the given ``text`` into the text field found by ``selector``.</doc>
<msg timestamp="20210428 22:11:56.412" level="INFO">Fills the text 'jcsviper@gmail.com' in the given field.</msg>
<status status="PASS" starttime="20210428 22:11:56.412" endtime="20210428 22:11:56.453"/>
</kw>
<kw name="Fill Text" library="Browser">
<arg>.anonmail &gt; input:nth-child(6)</arg>
<arg>Amazon has it</arg>
<tag>PageContent</tag>
<tag>Setter</tag>
<doc>Clears and fills the given ``text`` into the text field found by ``selector``.</doc>
<msg timestamp="20210428 22:11:56.453" level="INFO">Fills the text 'Amazon has it' in the given field.</msg>
<status status="PASS" starttime="20210428 22:11:56.453" endtime="20210428 22:11:56.469"/>
</kw>
<kw name="Fill Text" library="Browser">
<arg>.anonmail &gt; textarea:nth-child(16)</arg>
<arg>Go Get It!</arg>
<tag>PageContent</tag>
<tag>Setter</tag>
<doc>Clears and fills the given ``text`` into the text field found by ``selector``.</doc>
<msg timestamp="20210428 22:11:56.469" level="INFO">Fills the text 'Go Get It!' in the given field.</msg>
<status status="PASS" starttime="20210428 22:11:56.469" endtime="20210428 22:11:56.488"/>
</kw>
<kw name="Get Text" library="Browser">
<var>${captcha}</var>
<arg>.anonmail &gt; b:nth-child(19)</arg>
<tag>Assertion</tag>
<tag>Getter</tag>
<tag>PageContent</tag>
<doc>Returns text attribute of the element found by ``selector``.
See the `Finding elements` section for details about the selectors.</doc>
<msg timestamp="20210428 22:11:56.513" level="INFO">${captcha} = 413071</msg>
<status status="PASS" starttime="20210428 22:11:56.488" endtime="20210428 22:11:56.513"/>
</kw>
<kw name="Fill Text" library="Browser">
<arg>.anonmail &gt; input:nth-child(22)</arg>
<arg>${captcha}</arg>
<tag>PageContent</tag>
<tag>Setter</tag>
<doc>Clears and fills the given ``text`` into the text field found by ``selector``.</doc>
<msg timestamp="20210428 22:11:56.513" level="INFO">Fills the text '413071' in the given field.</msg>
<status status="PASS" starttime="20210428 22:11:56.513" endtime="20210428 22:11:56.533"/>
</kw>
<kw name="Click" library="Browser">
<arg>button.submit:nth-child(26)</arg>
<tag>PageContent</tag>
<tag>Setter</tag>
<doc>Simulates mouse click on the element found by ``selector``.</doc>
<status status="PASS" starttime="20210428 22:11:56.534" endtime="20210428 22:11:56.853"/>
</kw>
<status status="PASS" starttime="20210428 22:11:54.114" endtime="20210428 22:11:56.856"/>
</test>
<status status="PASS" starttime="20210428 22:11:53.409" endtime="20210428 22:11:56.932"/>
</suite>
<status status="PASS" starttime="20210428 22:11:53.388" endtime="20210428 22:11:56.935"/>
</suite>
<statistics>
<total>
<stat pass="1" fail="0" skip="0">All Tests</stat>
</total>
<tag>
</tag>
<suite>
<stat pass="1" fail="0" skip="0" id="s1" name="Robot">Robot</stat>
<stat pass="1" fail="0" skip="0" id="s1-s1" name="Amazon">Robot.Amazon</stat>
</suite>
</statistics>
<errors>
</errors>
</robot>
